<?xml version="1.0" encoding="UTF-8"?>
<!-- Generated by org.testng.reporters.JUnitReportReporter -->
<testsuite hostname="DEMON-PC" failures="0" tests="4" name="testNG.OrangeHRM" time="8.923" errors="0" timestamp="2024-08-17T18:45:33 IST" skipped="0">
  <testcase classname="testNG.OrangeHRM" name="openApp" time="3.866"/>
  <testcase classname="testNG.OrangeHRM" name="testLogo" time="2.122"/>
  <testcase classname="testNG.OrangeHRM" name="loginApp" time="1.068"/>
  <testcase classname="testNG.OrangeHRM" name="logoutApp" time="1.867"/>
</testsuite> <!-- testNG.OrangeHRM -->
