<?xml version="1.0" encoding="UTF-8"?>
<!-- Generated by org.testng.reporters.JUnitReportReporter -->
<testsuite hostname="DEMON-PC" failures="0" tests="3" name="testNG.FirsttestNG" time="0.006" errors="0" timestamp="2024-08-17T18:45:33 IST" skipped="0">
  <testcase classname="testNG.FirsttestNG" name="openApp" time="0.000"/>
  <testcase classname="testNG.FirsttestNG" name="loginApp" time="0.006"/>
  <testcase classname="testNG.FirsttestNG" name="logoutApp" time="0.000"/>
</testsuite> <!-- testNG.FirsttestNG -->
